<?xml version="1.0" encoding="UTF-8"?>
<!-- Generated by org.testng.reporters.JUnitXMLReporter -->
<testsuite ignored="0" hostname="DESKTOP-NJ1G4M2" failures="0" tests="6" name="Test" time="0.077" errors="0" timestamp="2023-09-08T20:58:28 IST">
  <testcase classname="testng_practice.mulipleclass1" name="m1" time="0.011"/>
  <testcase classname="testng_practice.mulipleclass1" name="m2" time="0.001"/>
  <testcase classname="testng_practice.multipleclass3" name="m5" time="0.001"/>
  <testcase classname="testng_practice.multipleclass3" name="m6" time="0.001"/>
  <testcase classname="testng_practice.multipleclass2" name="m3" time="0.001"/>
  <testcase classname="testng_practice.multipleclass2" name="m4" time="0.002"/>
</testsuite> <!-- Test -->
