<?xml version="1.0" encoding="UTF-8"?>
<testng-results ignored="1" total="2" passed="1" failed="0" skipped="0">
  <reporter-output>
    <line>
      <![CDATA[bhavaniprasad]]>
    </line>
  </reporter-output>
  <suite started-at="2023-09-08T21:11:11 IST" name="Default suite" finished-at="2023-09-08T21:11:11 IST" duration-ms="66">
    <groups>
    </groups>
    <test started-at="2023-09-08T21:11:11 IST" name="Default test" finished-at="2023-09-08T21:11:11 IST" duration-ms="66">
      <class name="testng_practice.enabledkeyward">
        <test-method signature="m1()[pri:0, instance:testng_practice.enabledkeyward@120f102b]" started-at="2023-09-08T21:11:11 IST" name="m1" finished-at="2023-09-08T21:11:11 IST" duration-ms="9" status="PASS">
          <reporter-output>
            <line>
              <![CDATA[bhavaniprasad]]>
            </line>
          </reporter-output>
        </test-method> <!-- m1 -->
      </class> <!-- testng_practice.enabledkeyward -->
    </test> <!-- Default test -->
  </suite> <!-- Default suite -->
</testng-results>
